::1 - - [22/Apr/2022:16:44:25 +0000] "GET / HTTP/1.1" 304 -
::1 - - [22/Apr/2022:16:44:27 +0000] "GET /favicon.ico HTTP/1.1" 404 150
::1 - - [22/Apr/2022:16:44:30 +0000] "GET /login HTTP/1.1" 200 915
::1 - - [22/Apr/2022:16:48:30 +0000] "POST /login HTTP/1.1" 200 26
::1 - - [22/Apr/2022:16:48:37 +0000] "POST /login HTTP/1.1" 200 16
::1 - - [22/Apr/2022:16:48:37 +0000] "GET / HTTP/1.1" 304 -
::1 - - [22/Apr/2022:16:51:09 +0000] "POST /login HTTP/1.1" 200 26
::1 - - [22/Apr/2022:16:51:11 +0000] "POST /login HTTP/1.1" 200 26
::1 - - [22/Apr/2022:16:51:13 +0000] "GET /login HTTP/1.1" 200 915
::1 - - [22/Apr/2022:16:51:53 +0000] "POST /login HTTP/1.1" 200 58
::1 - - [22/Apr/2022:16:55:10 +0000] "POST /login HTTP/1.1" 200 58
::1 - - [22/Apr/2022:16:55:22 +0000] "GET /login HTTP/1.1" 200 915
::1 - - [22/Apr/2022:16:55:32 +0000] "POST /login HTTP/1.1" 200 58
::1 - - [22/Apr/2022:16:57:07 +0000] "GET /login HTTP/1.1" 200 915
::1 - - [22/Apr/2022:16:57:11 +0000] "POST /login HTTP/1.1" 200 58
::1 - - [23/Apr/2022:12:12:14 +0000] "GET / HTTP/1.1" 304 -
::1 - - [23/Apr/2022:12:12:16 +0000] "GET /favicon.ico HTTP/1.1" 404 150
::1 - - [23/Apr/2022:12:12:19 +0000] "GET /login HTTP/1.1" 200 915
::1 - - [23/Apr/2022:12:12:21 +0000] "GET /login HTTP/1.1" 304 -
::1 - - [23/Apr/2022:12:12:21 +0000] "GET /login HTTP/1.1" 304 -
::1 - - [23/Apr/2022:12:13:21 +0000] "POST /login HTTP/1.1" 200 16
::1 - - [23/Apr/2022:12:13:21 +0000] "GET / HTTP/1.1" 304 -
::1 - - [23/Apr/2022:12:13:25 +0000] "GET /login HTTP/1.1" 200 915
::1 - - [23/Apr/2022:13:59:09 +0000] "GET /login HTTP/1.1" 200 915
::1 - - [23/Apr/2022:13:59:17 +0000] "POST /login HTTP/1.1" 200 16
::1 - - [23/Apr/2022:13:59:17 +0000] "GET / HTTP/1.1" 304 -
::1 - - [23/Apr/2022:13:59:20 +0000] "GET / HTTP/1.1" 304 -
::1 - - [23/Apr/2022:13:59:21 +0000] "GET /login HTTP/1.1" 200 915
::1 - - [23/Apr/2022:14:01:05 +0000] "POST /login HTTP/1.1" 200 58
::1 - - [23/Apr/2022:14:03:59 +0000] "POST /login HTTP/1.1" 200 58
::1 - - [23/Apr/2022:14:05:43 +0000] "POST /login HTTP/1.1" 200 58
::1 - - [23/Apr/2022:14:05:58 +0000] "POST /login HTTP/1.1" 200 58
::1 - - [23/Apr/2022:14:06:40 +0000] "POST /login HTTP/1.1" 200 58
::1 - - [23/Apr/2022:14:06:43 +0000] "GET /login HTTP/1.1" 200 915
::1 - - [23/Apr/2022:14:06:51 +0000] "POST /login HTTP/1.1" 200 58
::1 - - [23/Apr/2022:14:08:35 +0000] "GET /register HTTP/1.1" 200 1088
::1 - - [23/Apr/2022:14:08:49 +0000] "POST /register HTTP/1.1" 200 98
